<?xml version="1.0" encoding="UTF-8"?>
<testsuite name="IntegrationTestCases" tests="1" skipped="0" failures="0" errors="0" timestamp="2021-12-02T10:32:20" hostname="ROHIT" time="0.016">
  <properties/>
  <testcase name="sumAndSub" classname="IntegrationTestCases" time="0.016"/>
  <system-out><![CDATA[val-24-24
com.google.common.truth.StandardSubjectBuilder@1b57cedc
===============
]]></system-out>
  <system-err><![CDATA[]]></system-err>
</testsuite>
