<?xml version="1.0" encoding="UTF-8"?>
<testsuite name="IntegrationTestCases" tests="1" skipped="0" failures="0" errors="0" timestamp="2021-12-02T06:22:41" hostname="ROHIT" time="0.015">
  <properties/>
  <testcase name="sumAndSub" classname="IntegrationTestCases" time="0.015"/>
  <system-out><![CDATA[val-24-24
com.google.common.truth.StandardSubjectBuilder@6376076f
===============
]]></system-out>
  <system-err><![CDATA[]]></system-err>
</testsuite>
